platforms/android/app/build/outputs/logs/manifest-merger-release-report.txt
-- Merging decision tree log ---
provider#org.apache.cordova.camera.FileProvider
INJECTED from src/main/AndroidManifest.xml:32:5-34:16
	android:grantUriPermissions
		ADDED from src/main/AndroidManifest.xml:32:88-122
	android:authorities
		INJECTED from src/main/AndroidManifest.xml
		ADDED from src/main/AndroidManifest.xml:32:15-62
	android:exported
		ADDED from src/main/AndroidManifest.xml:32:63-87
	android:name
		ADDED from src/main/AndroidManifest.xml:32:123-176
manifest
ADDED from src/main/AndroidManifest.xml:2:1-45:12
INJECTED from src/main/AndroidManifest.xml:2:1-45:12
INJECTED from src/main/AndroidManifest.xml:2:1-45:12
INJECTED from src/main/AndroidManifest.xml:2:1-45:12
MERGED from [Branch.aar] AndroidManifest.xml:2:1-11:12
MERGED from [com.android.support:appcompat-v7:22.2.1] AndroidManifest.xml:17:1-24:12
MERGED from [com.android.support:support-v4:24.1.1] AndroidManifest.xml:17:1-27:12
MERGED from [:CordovaLib] AndroidManifest.xml:20:1-27:12
INJECTED from src/main/AndroidManifest.xml:2:1-45:12
INJECTED from src/main/AndroidManifest.xml:2:1-45:12
INJECTED from src/main/AndroidManifest.xml:2:1-45:12
	package
		ADDED from src/main/AndroidManifest.xml:2:103-141
		INJECTED from src/main/AndroidManifest.xml
		INJECTED from src/main/AndroidManifest.xml
	android:versionName
		ADDED from src/main/AndroidManifest.xml:2:74-102
		INJECTED from src/main/AndroidManifest.xml
		INJECTED from src/main/AndroidManifest.xml
	android:hardwareAccelerated
		ADDED from src/main/AndroidManifest.xml:2:11-45
	xmlns:android
		ADDED from src/main/AndroidManifest.xml:2:142-200
	android:versionCode
		ADDED from src/main/AndroidManifest.xml:2:46-73
		INJECTED from src/main/AndroidManifest.xml
		INJECTED from src/main/AndroidManifest.xml
supports-screens
ADDED from src/main/AndroidManifest.xml:3:3-188
	android:largeScreens
		ADDED from src/main/AndroidManifest.xml:3:47-74
	android:smallScreens
		ADDED from src/main/AndroidManifest.xml:3:130-157
	android:normalScreens
		ADDED from src/main/AndroidManifest.xml:3:75-103
	android:xlargeScreens
		ADDED from src/main/AndroidManifest.xml:3:158-186
	android:resizeable
		ADDED from src/main/AndroidManifest.xml:3:104-129
	android:anyDensity
		ADDED from src/main/AndroidManifest.xml:3:21-46
uses-permission#android.permission.INTERNET
ADDED from src/main/AndroidManifest.xml:4:3-64
	android:name
		ADDED from src/main/AndroidManifest.xml:4:20-62
uses-permission#android.permission.READ_EXTERNAL_STORAGE
ADDED from src/main/AndroidManifest.xml:5:3-77
	android:name
		ADDED from src/main/AndroidManifest.xml:5:20-75
uses-permission#android.permission.ACCESS_NETWORK_STATE
ADDED from src/main/AndroidManifest.xml:6:3-76
	android:name
		ADDED from src/main/AndroidManifest.xml:6:20-74
uses-permission#android.permission.READ_PHONE_STATE
ADDED from src/main/AndroidManifest.xml:7:3-72
	android:name
		ADDED from src/main/AndroidManifest.xml:7:20-70
uses-permission#android.permission.CALL_PHONE
ADDED from src/main/AndroidManifest.xml:8:3-66
	android:name
		ADDED from src/main/AndroidManifest.xml:8:20-64
uses-permission#android.permission.CAMERA
ADDED from src/main/AndroidManifest.xml:9:3-62
	android:name
		ADDED from src/main/AndroidManifest.xml:9:20-60
uses-permission#android.permission.WRITE_EXTERNAL_STORAGE
ADDED from src/main/AndroidManifest.xml:10:3-78
	android:name
		ADDED from src/main/AndroidManifest.xml:10:20-76
uses-permission#android.permission.BLUETOOTH
ADDED from src/main/AndroidManifest.xml:11:3-65
	android:name
		ADDED from src/main/AndroidManifest.xml:11:20-63
application
ADDED from src/main/AndroidManifest.xml:12:3-42:17
MERGED from [com.android.support:appcompat-v7:22.2.1] AndroidManifest.xml:22:5-20
MERGED from [com.android.support:appcompat-v7:22.2.1] AndroidManifest.xml:22:5-20
MERGED from [com.android.support:support-v4:24.1.1] AndroidManifest.xml:25:5-20
MERGED from [com.android.support:support-v4:24.1.1] AndroidManifest.xml:25:5-20
	android:supportsRtl
		ADDED from src/main/AndroidManifest.xml:12:112-138
	android:label
		ADDED from src/main/AndroidManifest.xml:12:79-111
	android:hardwareAccelerated
		ADDED from src/main/AndroidManifest.xml:12:16-50
	android:icon
		ADDED from src/main/AndroidManifest.xml:12:51-78
activity#com.cafepress.mobile.android.MainActivity
ADDED from src/main/AndroidManifest.xml:13:5-31:16
	android:label
		ADDED from src/main/AndroidManifest.xml:13:93-130
	android:launchMode
		ADDED from src/main/AndroidManifest.xml:13:131-162
	android:windowSoftInputMode
		ADDED from src/main/AndroidManifest.xml:13:254-296
	android:configChanges
		ADDED from src/main/AndroidManifest.xml:13:15-92
	android:theme
		ADDED from src/main/AndroidManifest.xml:13:191-253
	android:name
		ADDED from src/main/AndroidManifest.xml:13:163-190
intent-filter#action:name:android.intent.action.MAIN+category:name:android.intent.category.LAUNCHER
ADDED from src/main/AndroidManifest.xml:14:7-17:23
	android:label
		ADDED from src/main/AndroidManifest.xml:14:22-59
action#android.intent.action.MAIN
ADDED from src/main/AndroidManifest.xml:15:9-60
	android:name
		ADDED from src/main/AndroidManifest.xml:15:17-58
category#android.intent.category.LAUNCHER
ADDED from src/main/AndroidManifest.xml:16:9-68
	android:name
		ADDED from src/main/AndroidManifest.xml:16:19-66
intent-filter#action:name:android.intent.action.VIEW+category:name:android.intent.category.BROWSABLE+category:name:android.intent.category.DEFAULT+data:scheme:cafepressus
ADDED from src/main/AndroidManifest.xml:18:7-23:23
	android:name
		ADDED from src/main/AndroidManifest.xml:18:22-60
action#android.intent.action.VIEW
ADDED from src/main/AndroidManifest.xml:19:9-60
	android:name
		ADDED from src/main/AndroidManifest.xml:19:17-58
category#android.intent.category.DEFAULT
ADDED from src/main/AndroidManifest.xml:20:9-67
	android:name
		ADDED from src/main/AndroidManifest.xml:20:19-65
category#android.intent.category.BROWSABLE
ADDED from src/main/AndroidManifest.xml:21:9-69
	android:name
		ADDED from src/main/AndroidManifest.xml:21:19-67
data
ADDED from src/main/AndroidManifest.xml:22:9-45
	android:host
		ADDED from src/main/AndroidManifest.xml:28:15-43
	android:scheme
		ADDED from src/main/AndroidManifest.xml:22:15-43
intent-filter#action:name:android.intent.action.VIEW+category:name:android.intent.category.BROWSABLE+category:name:android.intent.category.DEFAULT+data:host:cd33-alternate.app.link+data:host:cd33.app.link+data:scheme:https+data:scheme:https
ADDED from src/main/AndroidManifest.xml:24:7-30:23
	android:autoVerify
		ADDED from src/main/AndroidManifest.xml:24:59-84
	android:name
		ADDED from src/main/AndroidManifest.xml:24:22-58
meta-data#io.branch.sdk.BranchKey
ADDED from src/main/AndroidManifest.xml:35:5-114
	android:value
		ADDED from src/main/AndroidManifest.xml:35:55-112
	android:name
		ADDED from src/main/AndroidManifest.xml:35:16-54
meta-data#io.branch.sdk.TestMode
ADDED from src/main/AndroidManifest.xml:36:5-77
	android:value
		ADDED from src/main/AndroidManifest.xml:36:54-75
	android:name
		ADDED from src/main/AndroidManifest.xml:36:16-53
receiver#io.branch.referral.InstallListener
ADDED from src/main/AndroidManifest.xml:37:5-41:16
	android:exported
		ADDED from src/main/AndroidManifest.xml:37:65-88
	android:name
		ADDED from src/main/AndroidManifest.xml:37:15-64
intent-filter#action:name:com.android.vending.INSTALL_REFERRER
ADDED from src/main/AndroidManifest.xml:38:7-40:23
action#com.android.vending.INSTALL_REFERRER
ADDED from src/main/AndroidManifest.xml:39:9-70
	android:name
		ADDED from src/main/AndroidManifest.xml:39:17-68
uses-sdk
ADDED from src/main/AndroidManifest.xml:43:3-71
INJECTED from src/main/AndroidManifest.xml:43:3-71
MERGED from [Branch.aar] AndroidManifest.xml:7:5-9:41
MERGED from [Branch.aar] AndroidManifest.xml:7:5-9:41
MERGED from [com.android.support:appcompat-v7:22.2.1] AndroidManifest.xml:20:5-43
MERGED from [com.android.support:appcompat-v7:22.2.1] AndroidManifest.xml:20:5-43
MERGED from [com.android.support:support-v4:24.1.1] AndroidManifest.xml:21:5-23:54
MERGED from [com.android.support:support-v4:24.1.1] AndroidManifest.xml:21:5-23:54
MERGED from [:CordovaLib] AndroidManifest.xml:25:5-44
MERGED from [:CordovaLib] AndroidManifest.xml:25:5-44
INJECTED from src/main/AndroidManifest.xml:43:3-71
	tools:overrideLibrary
		ADDED from [com.android.support:support-v4:24.1.1] AndroidManifest.xml:23:9-51
	android:targetSdkVersion
		ADDED from src/main/AndroidManifest.xml:43:40-69
	android:minSdkVersion
		ADDED from src/main/AndroidManifest.xml:43:13-39
		INJECTED from src/main/AndroidManifest.xml
		INJECTED from src/main/AndroidManifest.xml
uses-feature#android.hardware.telephony
ADDED from src/main/AndroidManifest.xml:44:3-85
	android:required
		ADDED from src/main/AndroidManifest.xml:44:59-83
	android:name
		ADDED from src/main/AndroidManifest.xml:44:17-58
meta-data#android.support.FILE_PROVIDER_PATHS
ADDED from src/main/AndroidManifest.xml:33:7-116
	android:resource
		ADDED from src/main/AndroidManifest.xml:33:69-114
	android:name
		ADDED from src/main/AndroidManifest.xml:33:18-68